<?xml version="1.0" encoding="UTF-8"?>
<!-- Generated by org.testng.reporters.JUnitXMLReporter -->
<testsuite ignored="0" hostname="LAPTOP-IUJM3SDJ" failures="0" tests="8" name="OpenCartTest" time="45.606" errors="0" timestamp="2023-11-16T16:02:16 IST">
  <testcase classname="com.qa.opencart.testcase.LoginPageTest" name="verifyLoginUrl" time="0.108"/>
  <testcase classname="com.qa.opencart.testcase.LoginPageTest" name="verifyLoginPageTitle" time="0.015"/>
  <testcase classname="com.qa.opencart.testcase.LoginPageTest" name="verifyLoginPageElementTest" time="0.17"/>
  <testcase classname="com.qa.opencart.testcase.LoginPageTest" name="navigateToRegistrationPageTest" time="3.977"/>
  <testcase classname="com.qa.opencart.testcase.LoginPageTest" name="navigateToForgetPasswordPageTest" time="7.27"/>
  <testcase classname="com.qa.opencart.testcase.LoginPageTest" name="emptyCredentialsLoginTest" time="7.653"/>
  <testcase classname="com.qa.opencart.testcase.LoginPageTest" name="doLoginOperation" time="7.718"/>
  <testcase classname="com.qa.opencart.testcase.LoginPageTest" name="logoutTest" time="5.923"/>
</testsuite> <!-- OpenCartTest -->
